[20:24:58] [main/INFO] (Quilt Loader/GameProvider) Loading Minecraft 1.20.1 with Quilt Loader 0.19.1
[20:24:58] [main/INFO] (Quilt Loader/Cache) Not reusing previous transform cache since we're in a development environment
[20:25:00] [main/INFO] (Quilt Loader) Loading 68 mods:
| Index | Mod                                            | ID                                           | Version             | Type    | File Hash (SHA-1)                        | File(s)                                                                                                                                                                                                                                                                                      |
|------:|------------------------------------------------|----------------------------------------------|---------------------|---------|------------------------------------------|----------------------------------------------------------------------------------------------------------------------------------------------------------------------------------------------------------------------------------------------------------------------------------------------|
|    13 | Java HotSpot(TM) 64-Bit Server VM              | java                                         | 19                  | Builtin |                                          | /Library/Java/JavaVirtualMachines/jdk-19.jdk/Contents/Home                                                                                                                                                                                                                                   |
|    19 | Minecraft                                      | minecraft                                    | 1.20.1              | Builtin | 9b9bb603b14ae17a5c6db38ce82561e14d6d3390 | <user>/Desktop/ModdingProjects/Quilt/Foundry/.gradle/quilt-loom-cache/minecraftMaven/net/minecraft/minecraft-merged-project-root/1.20.1-org.quiltmc.quilt-mappings.1_20_1.1.20.1+build.1-v2/minecraft-merged-project-root-1.20.1-org.quiltmc.quilt-mappings.1_20_1.1.20.1+build.1-v2.jar     |
|    15 | Mod Name                                       | example_mod                                  | 1.0.0+1.20.1        | Quilt   |                                          | <user>/Desktop/ModdingProjects/Quilt/Foundry/build/resources/main                                                                                                                                                                                                                            |
|    34 | Quilt Advancement API                          | quilt_advancement                            | 6.0.3+1.20.1        | Quilt   | 58f9ff9abc3fb1635b625d210478386533b0be64 | <user>/Desktop/ModdingProjects/Quilt/Foundry/.gradle/quilt-loom-cache/remapped_mods/org_quiltmc_quilt_mappings_1_20_1_1_20_1_build_1_v2/org/quiltmc/qsl/data/advancement/6.0.3+1.20.1/advancement-6.0.3+1.20.1.jar                                                                           |
|    45 | Quilt Base API                                 | quilt_base                                   | 6.0.3+1.20.1        | Quilt   | 7857debfa712440ec79440b8ad0145575bb22034 | <user>/Desktop/ModdingProjects/Quilt/Foundry/.gradle/quilt-loom-cache/remapped_mods/org_quiltmc_quilt_mappings_1_20_1_1_20_1_build_1_v2/org/quiltmc/qsl/core/qsl_base/6.0.3+1.20.1/qsl_base-6.0.3+1.20.1.jar                                                                                 |
|    43 | Quilt Biome API                                | quilt_biome                                  | 6.0.3+1.20.1        | Quilt   | 062f736b33ba04d5125d8af9075c29fa2ce99abe | <user>/Desktop/ModdingProjects/Quilt/Foundry/.gradle/quilt-loom-cache/remapped_mods/org_quiltmc_quilt_mappings_1_20_1_1_20_1_build_1_v2/org/quiltmc/qsl/worldgen/biome/6.0.3+1.20.1/biome-6.0.3+1.20.1.jar                                                                                   |
|    38 | Quilt Block Content Registry API               | quilt_block_content_registry                 | 6.0.3+1.20.1        | Quilt   | ae8d1418f5e19ac7b42020a107a272ed4e37557f | <user>/Desktop/ModdingProjects/Quilt/Foundry/.gradle/quilt-loom-cache/remapped_mods/org_quiltmc_quilt_mappings_1_20_1_1_20_1_build_1_v2/org/quiltmc/qsl/block/block_content_registry/6.0.3+1.20.1/block_content_registry-6.0.3+1.20.1.jar                                                    |
|    26 | Quilt Block Entity API                         | quilt_block_entity                           | 6.0.3+1.20.1        | Quilt   | b65ca25924364491a94a12368675406e033c02c1 | <user>/Desktop/ModdingProjects/Quilt/Foundry/.gradle/quilt-loom-cache/remapped_mods/org_quiltmc_quilt_mappings_1_20_1_1_20_1_build_1_v2/org/quiltmc/qsl/block/block_entity/6.0.3+1.20.1/block_entity-6.0.3+1.20.1.jar                                                                        |
|    20 | Quilt Block Extensions API                     | quilt_block_extensions                       | 6.0.3+1.20.1        | Quilt   | f48bb57edf1a62626a96d4bbdf763818d29eaa4e | <user>/Desktop/ModdingProjects/Quilt/Foundry/.gradle/quilt-loom-cache/remapped_mods/org_quiltmc_quilt_mappings_1_20_1_1_20_1_build_1_v2/org/quiltmc/qsl/block/block_extensions/6.0.3+1.20.1/block_extensions-6.0.3+1.20.1.jar                                                                |
|    27 | Quilt Chat API                                 | quilt_chat                                   | 6.0.3+1.20.1        | Quilt   | e3e7b4b5971e50e8abd8ea8dfd06b1e247d2158c | <user>/Desktop/ModdingProjects/Quilt/Foundry/.gradle/quilt-loom-cache/remapped_mods/org_quiltmc_quilt_mappings_1_20_1_1_20_1_build_1_v2/org/quiltmc/qsl/management/chat/6.0.3+1.20.1/chat-6.0.3+1.20.1.jar                                                                                   |
|    17 | Quilt Command API                              | quilt_command                                | 6.0.3+1.20.1        | Quilt   | 56dd436e32c5aada85a2f0c2893c79c483c07582 | <user>/Desktop/ModdingProjects/Quilt/Foundry/.gradle/quilt-loom-cache/remapped_mods/org_quiltmc_quilt_mappings_1_20_1_1_20_1_build_1_v2/org/quiltmc/qsl/management/command/6.0.3+1.20.1/command-6.0.3+1.20.1.jar                                                                             |
|     2 | Quilt Crash Info                               | quilt_crash_info                             | 6.0.3+1.20.1        | Quilt   | 1c82e5b31676a8b7cdbf2d013370dcfa2456f222 | <user>/Desktop/ModdingProjects/Quilt/Foundry/.gradle/quilt-loom-cache/remapped_mods/org_quiltmc_quilt_mappings_1_20_1_1_20_1_build_1_v2/org/quiltmc/qsl/core/crash_info/6.0.3+1.20.1/crash_info-6.0.3+1.20.1.jar                                                                             |
|     7 | Quilt Data Callback API                        | quilt_data_callback                          | 6.0.3+1.20.1        | Quilt   | 24e9be336e57c7e2c3ab3210d63ef9961bed9de3 | <user>/Desktop/ModdingProjects/Quilt/Foundry/.gradle/quilt-loom-cache/remapped_mods/org_quiltmc_quilt_mappings_1_20_1_1_20_1_build_1_v2/org/quiltmc/qsl/core/data_callback/6.0.3+1.20.1/data_callback-6.0.3+1.20.1.jar                                                                       |
|    57 | Quilt Dimension API                            | quilt_dimension                              | 6.0.3+1.20.1        | Quilt   | 363a2a5609a1f36baf2a5bb3c3325c19710b339e | <user>/Desktop/ModdingProjects/Quilt/Foundry/.gradle/quilt-loom-cache/remapped_mods/org_quiltmc_quilt_mappings_1_20_1_1_20_1_build_1_v2/org/quiltmc/qsl/worldgen/dimension/6.0.3+1.20.1/dimension-6.0.3+1.20.1.jar                                                                           |
|    58 | Quilt Entity API                               | quilt_entity                                 | 6.0.3+1.20.1        | Quilt   | 16e062c8ae03fd23d9eafa1c97ddba6cff71b4fb | <user>/Desktop/ModdingProjects/Quilt/Foundry/.gradle/quilt-loom-cache/remapped_mods/org_quiltmc_quilt_mappings_1_20_1_1_20_1_build_1_v2/org/quiltmc/qsl/entity/entity/6.0.3+1.20.1/entity-6.0.3+1.20.1.jar                                                                                   |
|    60 | Quilt Entity Events                            | quilt_entity_events                          | 6.0.3+1.20.1        | Quilt   | abee6634f7bfe3c3cb478efd8e17b28b2c46dc6d | <user>/Desktop/ModdingProjects/Quilt/Foundry/.gradle/quilt-loom-cache/remapped_mods/org_quiltmc_quilt_mappings_1_20_1_1_20_1_build_1_v2/org/quiltmc/qsl/entity/entity_events/6.0.3+1.20.1/entity_events-6.0.3+1.20.1.jar                                                                     |
|     9 | Quilt Entity Networking API                    | quilt_entity_networking                      | 6.0.3+1.20.1        | Quilt   | 735c93e81abde5f00c3e4443b97a14dd601fd1cd | <user>/Desktop/ModdingProjects/Quilt/Foundry/.gradle/quilt-loom-cache/remapped_mods/org_quiltmc_quilt_mappings_1_20_1_1_20_1_build_1_v2/org/quiltmc/qsl/entity/entity_networking/6.0.3+1.20.1/entity_networking-6.0.3+1.20.1.jar                                                             |
|    30 | Quilt Item Content Registry API                | quilt_item_content_registry                  | 6.0.3+1.20.1        | Quilt   | 1b3db59ae36e658d33f36f6aff78f00e7f8d80ad | <user>/Desktop/ModdingProjects/Quilt/Foundry/.gradle/quilt-loom-cache/remapped_mods/org_quiltmc_quilt_mappings_1_20_1_1_20_1_build_1_v2/org/quiltmc/qsl/item/item_content_registry/6.0.3+1.20.1/item_content_registry-6.0.3+1.20.1.jar                                                       |
|    32 | Quilt Item Extensions API                      | quilt_item_extensions                        | 6.0.3+1.20.1        | Quilt   | ab3cfb0eb5bdc41e11a6b073cd3bcd262512a1f8 | <user>/Desktop/ModdingProjects/Quilt/Foundry/.gradle/quilt-loom-cache/remapped_mods/org_quiltmc_quilt_mappings_1_20_1_1_20_1_build_1_v2/org/quiltmc/qsl/item/item_extensions/6.0.3+1.20.1/item_extensions-6.0.3+1.20.1.jar                                                                   |
|     6 | Quilt Item Setting API                         | quilt_item_setting                           | 6.0.3+1.20.1        | Quilt   | 8ef5fec7edb00049631436643fb9aea06c98c9f8 | <user>/Desktop/ModdingProjects/Quilt/Foundry/.gradle/quilt-loom-cache/remapped_mods/org_quiltmc_quilt_mappings_1_20_1_1_20_1_build_1_v2/org/quiltmc/qsl/item/item_setting/6.0.3+1.20.1/item_setting-6.0.3+1.20.1.jar                                                                         |
|    50 | Quilt Lifecycle Events                         | quilt_lifecycle_events                       | 6.0.3+1.20.1        | Quilt   | 2c1cf150059faf8f50bbdb30da5c7b16cfa1dff7 | <user>/Desktop/ModdingProjects/Quilt/Foundry/.gradle/quilt-loom-cache/remapped_mods/org_quiltmc_quilt_mappings_1_20_1_1_20_1_build_1_v2/org/quiltmc/qsl/core/lifecycle_events/6.0.3+1.20.1/lifecycle_events-6.0.3+1.20.1.jar                                                                 |
|     8 | Quilt Loader                                   | quilt_loader                                 | 0.19.1              | Quilt   | 17e415fb9457f2f99a8c7b5bc5ebde88db41b8d0 | <user>/.gradle/caches/modules-2/files-2.1/org.quiltmc/quilt-loader/0.19.1/17e415fb9457f2f99a8c7b5bc5ebde88db41b8d0/quilt-loader-0.19.1.jar                                                                                                                                                   |
|    25 | Quilt Multipart Entity API                     | quilt_entity_multipart                       | 6.0.3+1.20.1        | Quilt   | 03517a0be31eed2082c20d6116c19f9038299431 | <user>/Desktop/ModdingProjects/Quilt/Foundry/.gradle/quilt-loom-cache/remapped_mods/org_quiltmc_quilt_mappings_1_20_1_1_20_1_build_1_v2/org/quiltmc/qsl/entity/multipart/6.0.3+1.20.1/multipart-6.0.3+1.20.1.jar                                                                             |
|    67 | Quilt Networking                               | quilt_networking                             | 6.0.3+1.20.1        | Quilt   | 26a748036201a8738877b1bc48cf773290fe3924 | <user>/Desktop/ModdingProjects/Quilt/Foundry/.gradle/quilt-loom-cache/remapped_mods/org_quiltmc_quilt_mappings_1_20_1_1_20_1_build_1_v2/org/quiltmc/qsl/core/networking/6.0.3+1.20.1/networking-6.0.3+1.20.1.jar                                                                             |
|    24 | Quilt Point of Interest API                    | quilt_point_of_interest                      | 6.0.3+1.20.1        | Quilt   | e009ae610275a245463b987edf84935613bb774f | <user>/Desktop/ModdingProjects/Quilt/Foundry/.gradle/quilt-loom-cache/remapped_mods/org_quiltmc_quilt_mappings_1_20_1_1_20_1_build_1_v2/org/quiltmc/qsl/entity/point_of_interest/6.0.3+1.20.1/point_of_interest-6.0.3+1.20.1.jar                                                             |
|    62 | Quilt Recipe API                               | quilt_recipe                                 | 6.0.3+1.20.1        | Quilt   | 954f0095b3d00dcdfd779d224b05f92adc6c03a7 | <user>/Desktop/ModdingProjects/Quilt/Foundry/.gradle/quilt-loom-cache/remapped_mods/org_quiltmc_quilt_mappings_1_20_1_1_20_1_build_1_v2/org/quiltmc/qsl/data/recipe/6.0.3+1.20.1/recipe-6.0.3+1.20.1.jar                                                                                     |
|    66 | Quilt Registry API                             | quilt_registry                               | 6.0.3+1.20.1        | Quilt   | 67db3ea5d93ef2869cc414277c937837fbb38b8e | <user>/Desktop/ModdingProjects/Quilt/Foundry/.gradle/quilt-loom-cache/remapped_mods/org_quiltmc_quilt_mappings_1_20_1_1_20_1_build_1_v2/org/quiltmc/qsl/core/registry/6.0.3+1.20.1/registry-6.0.3+1.20.1.jar                                                                                 |
|    28 | Quilt Registry Entry Attachment                | quilt_registry_entry_attachment              | 6.0.3+1.20.1        | Quilt   | d082af0835996dc839e1a1f905aefa247b736464 | <user>/Desktop/ModdingProjects/Quilt/Foundry/.gradle/quilt-loom-cache/remapped_mods/org_quiltmc_quilt_mappings_1_20_1_1_20_1_build_1_v2/org/quiltmc/qsl/data/registry_entry_attachment/6.0.3+1.20.1/registry_entry_attachment-6.0.3+1.20.1.jar                                               |
|    51 | Quilt Resource Loader                          | quilt_resource_loader                        | 6.0.3+1.20.1        | Quilt   | 17b9dd2fa383ea5d082273e744a42f16cb1b60da | <user>/Desktop/ModdingProjects/Quilt/Foundry/.gradle/quilt-loom-cache/remapped_mods/org_quiltmc_quilt_mappings_1_20_1_1_20_1_build_1_v2/org/quiltmc/qsl/core/resource_loader/6.0.3+1.20.1/resource_loader-6.0.3+1.20.1.jar                                                                   |
|    63 | Quilt Status Effect API                        | quilt_status_effect                          | 6.0.3+1.20.1        | Quilt   | 25b2ca7f36d160e896b3c6660d324ecd80b67c36 | <user>/Desktop/ModdingProjects/Quilt/Foundry/.gradle/quilt-loom-cache/remapped_mods/org_quiltmc_quilt_mappings_1_20_1_1_20_1_build_1_v2/org/quiltmc/qsl/entity/status_effect/6.0.3+1.20.1/status_effect-6.0.3+1.20.1.jar                                                                     |
|    61 | Quilt Surface Rule API                         | quilt_surface_rule                           | 6.0.3+1.20.1        | Quilt   | e06fd6be16a85fae9af7acb771e0b522cd83b832 | <user>/Desktop/ModdingProjects/Quilt/Foundry/.gradle/quilt-loom-cache/remapped_mods/org_quiltmc_quilt_mappings_1_20_1_1_20_1_build_1_v2/org/quiltmc/qsl/worldgen/surface_rule/6.0.3+1.20.1/surface_rule-6.0.3+1.20.1.jar                                                                     |
|    55 | Quilt Tags API                                 | quilt_tags                                   | 6.0.3+1.20.1        | Quilt   | 1063ae05e21735bdd01d83e93aecf959790bff1b | <user>/Desktop/ModdingProjects/Quilt/Foundry/.gradle/quilt-loom-cache/remapped_mods/org_quiltmc_quilt_mappings_1_20_1_1_20_1_build_1_v2/org/quiltmc/qsl/data/tags/6.0.3+1.20.1/tags-6.0.3+1.20.1.jar                                                                                         |
|     3 | Quilt Testing API                              | quilt_testing                                | 6.0.3+1.20.1        | Quilt   | 4bb0af5f742f4363c7b6cfc620a51b8fcf12b001 | <user>/Desktop/ModdingProjects/Quilt/Foundry/.gradle/quilt-loom-cache/remapped_mods/org_quiltmc_quilt_mappings_1_20_1_1_20_1_build_1_v2/org/quiltmc/qsl/core/testing/6.0.3+1.20.1/testing-6.0.3+1.20.1.jar                                                                                   |
|    16 | Quilt Tooltip API                              | quilt_tooltip                                | 6.0.3+1.20.1        | Quilt   | 17dfecf383933cb25812d5e4e1f61202a62d9a3  | <user>/Desktop/ModdingProjects/Quilt/Foundry/.gradle/quilt-loom-cache/remapped_mods/org_quiltmc_quilt_mappings_1_20_1_1_20_1_build_1_v2/org/quiltmc/qsl/gui/tooltip/6.0.3+1.20.1/tooltip-6.0.3+1.20.1.jar                                                                                    |
|    36 | Quilt Vehicle API                              | quilt_vehicle                                | 6.0.3+1.20.1        | Quilt   | c0e737da9ab2bc9ca3990ca9f6ba41275f8b0100 | <user>/Desktop/ModdingProjects/Quilt/Foundry/.gradle/quilt-loom-cache/remapped_mods/org_quiltmc_quilt_mappings_1_20_1_1_20_1_build_1_v2/org/quiltmc/qsl/entity/vehicle/6.0.3+1.20.1/vehicle-6.0.3+1.20.1.jar                                                                                 |
|     4 | Quilt Villager API                             | quilt_villager                               | 6.0.3+1.20.1        | Quilt   | 1bf38a51219917d239b30582a248da605e49978e | <user>/Desktop/ModdingProjects/Quilt/Foundry/.gradle/quilt-loom-cache/remapped_mods/org_quiltmc_quilt_mappings_1_20_1_1_20_1_build_1_v2/org/quiltmc/qsl/entity/villager/6.0.3+1.20.1/villager-6.0.3+1.20.1.jar                                                                               |
|    31 | Quilted Fabric API                             | quilted_fabric_api                           | 7.0.3+0.83.1-1.20.1 | Quilt   | 00a9f62f961afe6bb8e1c4e7b0303ae522d4d8b  | <user>/Desktop/ModdingProjects/Quilt/Foundry/.gradle/quilt-loom-cache/remapped_mods/org_quiltmc_quilt_mappings_1_20_1_1_20_1_build_1_v2/org/quiltmc/quilted-fabric-api/quilted-fabric-api/7.0.3+0.83.1-1.20.1/quilted-fabric-api-7.0.3+0.83.1-1.20.1.jar                                     |
|    39 | Quilted Fabric API Base                        | quilted_fabric_api_base                      | 7.0.3+0.83.1-1.20.1 | Quilt   | d619791ae8f98dda8a160c4848a9d1ca0ed5b04  | <user>/Desktop/ModdingProjects/Quilt/Foundry/.gradle/quilt-loom-cache/remapped_mods/org_quiltmc_quilt_mappings_1_20_1_1_20_1_build_1_v2/org/quiltmc/quilted-fabric-api/fabric-api-base/7.0.3+0.83.1-1.20.1/fabric-api-base-7.0.3+0.83.1-1.20.1.jar                                           |
|    53 | Quilted Fabric API Lookup API (v1)             | quilted_fabric_api_lookup_api_v1             | 7.0.3+0.83.1-1.20.1 | Quilt   | 08463f749521acbc53c35d7dbb0ad10ab5b99498 | <user>/Desktop/ModdingProjects/Quilt/Foundry/.gradle/quilt-loom-cache/remapped_mods/org_quiltmc_quilt_mappings_1_20_1_1_20_1_build_1_v2/org/quiltmc/quilted-fabric-api/fabric-api-lookup-api-v1/7.0.3+0.83.1-1.20.1/fabric-api-lookup-api-v1-7.0.3+0.83.1-1.20.1.jar                         |
|    44 | Quilted Fabric Biome API (v1)                  | quilted_fabric_biome_api_v1                  | 7.0.3+0.83.1-1.20.1 | Quilt   | cfac1b731c116f692e9e5f8a113dda035df8a142 | <user>/Desktop/ModdingProjects/Quilt/Foundry/.gradle/quilt-loom-cache/remapped_mods/org_quiltmc_quilt_mappings_1_20_1_1_20_1_build_1_v2/org/quiltmc/quilted-fabric-api/fabric-biome-api-v1/7.0.3+0.83.1-1.20.1/fabric-biome-api-v1-7.0.3+0.83.1-1.20.1.jar                                   |
|    49 | Quilted Fabric Block API (v1)                  | quilted_fabric_block_api_v1                  | 7.0.3+0.83.1-1.20.1 | Quilt   | 3b1c31a49acc9d1ac0f37e44eb9f8f06735b6f70 | <user>/Desktop/ModdingProjects/Quilt/Foundry/.gradle/quilt-loom-cache/remapped_mods/org_quiltmc_quilt_mappings_1_20_1_1_20_1_build_1_v2/org/quiltmc/quilted-fabric-api/fabric-block-api-v1/7.0.3+0.83.1-1.20.1/fabric-block-api-v1-7.0.3+0.83.1-1.20.1.jar                                   |
|    18 | Quilted Fabric Command API (v2)                | quilted_fabric_command_api_v2                | 7.0.3+0.83.1-1.20.1 | Quilt   | 29a0b673f51163a188081a399039bc64b2033516 | <user>/Desktop/ModdingProjects/Quilt/Foundry/.gradle/quilt-loom-cache/remapped_mods/org_quiltmc_quilt_mappings_1_20_1_1_20_1_build_1_v2/org/quiltmc/quilted-fabric-api/fabric-command-api-v2/7.0.3+0.83.1-1.20.1/fabric-command-api-v2-7.0.3+0.83.1-1.20.1.jar                               |
|    56 | Quilted Fabric Content Registries (v0)         | quilted_fabric_content_registries_v0         | 7.0.3+0.83.1-1.20.1 | Quilt   | 3cf05cacf822bb84b06d531378d792b89daa2e71 | <user>/Desktop/ModdingProjects/Quilt/Foundry/.gradle/quilt-loom-cache/remapped_mods/org_quiltmc_quilt_mappings_1_20_1_1_20_1_build_1_v2/org/quiltmc/quilted-fabric-api/fabric-content-registries-v0/7.0.3+0.83.1-1.20.1/fabric-content-registries-v0-7.0.3+0.83.1-1.20.1.jar                 |
|    40 | Quilted Fabric Convention Tags API (v1)        | quilted_fabric_convention_tags_api_v1        | 7.0.3+0.83.1-1.20.1 | Quilt   | 3d691c2c2ca6bf858d7187ea05467d05ccd27919 | <user>/Desktop/ModdingProjects/Quilt/Foundry/.gradle/quilt-loom-cache/remapped_mods/org_quiltmc_quilt_mappings_1_20_1_1_20_1_build_1_v2/org/quiltmc/quilted-fabric-api/fabric-convention-tags-v1/7.0.3+0.83.1-1.20.1/fabric-convention-tags-v1-7.0.3+0.83.1-1.20.1.jar                       |
|    47 | Quilted Fabric Crash Report Info (v1)          | quilted_fabric_crash_report_info_v1          | 7.0.3+0.83.1-1.20.1 | Quilt   | b304d6d711b4eb3dd11300e3d23afd2f87f910e  | <user>/Desktop/ModdingProjects/Quilt/Foundry/.gradle/quilt-loom-cache/remapped_mods/org_quiltmc_quilt_mappings_1_20_1_1_20_1_build_1_v2/org/quiltmc/quilted-fabric-api/fabric-crash-report-info-v1/7.0.3+0.83.1-1.20.1/fabric-crash-report-info-v1-7.0.3+0.83.1-1.20.1.jar                   |
|    22 | Quilted Fabric Data Generation API (v1)        | quilted_fabric_data_generation_api_v1        | 7.0.3+0.83.1-1.20.1 | Quilt   | 5d7824889866d8230583c316a03dd3c617a6ecd7 | <user>/Desktop/ModdingProjects/Quilt/Foundry/.gradle/quilt-loom-cache/remapped_mods/org_quiltmc_quilt_mappings_1_20_1_1_20_1_build_1_v2/org/quiltmc/quilted-fabric-api/fabric-data-generation-api-v1/7.0.3+0.83.1-1.20.1/fabric-data-generation-api-v1-7.0.3+0.83.1-1.20.1.jar               |
|    11 | Quilted Fabric Dimensions API (v1)             | quilted_fabric_dimensions_v1                 | 7.0.3+0.83.1-1.20.1 | Quilt   | 50164af1a451d4179c1f3acfe32b0d2c811affaa | <user>/Desktop/ModdingProjects/Quilt/Foundry/.gradle/quilt-loom-cache/remapped_mods/org_quiltmc_quilt_mappings_1_20_1_1_20_1_build_1_v2/org/quiltmc/quilted-fabric-api/fabric-dimensions-v1/7.0.3+0.83.1-1.20.1/fabric-dimensions-v1-7.0.3+0.83.1-1.20.1.jar                                 |
|    37 | Quilted Fabric Entity Events (v1)              | quilted_fabric_entity_events_v1              | 7.0.3+0.83.1-1.20.1 | Quilt   | 120c49bd5ddec47e3a082cd828acbbf67568f0d8 | <user>/Desktop/ModdingProjects/Quilt/Foundry/.gradle/quilt-loom-cache/remapped_mods/org_quiltmc_quilt_mappings_1_20_1_1_20_1_build_1_v2/org/quiltmc/quilted-fabric-api/fabric-entity-events-v1/7.0.3+0.83.1-1.20.1/fabric-entity-events-v1-7.0.3+0.83.1-1.20.1.jar                           |
|    21 | Quilted Fabric Events Interaction (v0)         | quilted_fabric_events_interaction_v0         | 7.0.3+0.83.1-1.20.1 | Quilt   | b11d27e952da2b074394763e250bce515d290974 | <user>/Desktop/ModdingProjects/Quilt/Foundry/.gradle/quilt-loom-cache/remapped_mods/org_quiltmc_quilt_mappings_1_20_1_1_20_1_build_1_v2/org/quiltmc/quilted-fabric-api/fabric-events-interaction-v0/7.0.3+0.83.1-1.20.1/fabric-events-interaction-v0-7.0.3+0.83.1-1.20.1.jar                 |
|     1 | Quilted Fabric Game Rule API (v1)              | quilted_fabric_game_rule_api_v1              | 7.0.3+0.83.1-1.20.1 | Quilt   | af071a19cefc6b3a1feed056585035652b3627df | <user>/Desktop/ModdingProjects/Quilt/Foundry/.gradle/quilt-loom-cache/remapped_mods/org_quiltmc_quilt_mappings_1_20_1_1_20_1_build_1_v2/org/quiltmc/quilted-fabric-api/fabric-game-rule-api-v1/7.0.3+0.83.1-1.20.1/fabric-game-rule-api-v1-7.0.3+0.83.1-1.20.1.jar                           |
|    35 | Quilted Fabric Item API (v1)                   | quilted_fabric_item_api_v1                   | 7.0.3+0.83.1-1.20.1 | Quilt   | ddd89c0b031acbcf9abd87ad36485b60ebe8fd20 | <user>/Desktop/ModdingProjects/Quilt/Foundry/.gradle/quilt-loom-cache/remapped_mods/org_quiltmc_quilt_mappings_1_20_1_1_20_1_build_1_v2/org/quiltmc/quilted-fabric-api/fabric-item-api-v1/7.0.3+0.83.1-1.20.1/fabric-item-api-v1-7.0.3+0.83.1-1.20.1.jar                                     |
|    52 | Quilted Fabric Item Group API (v1)             | quilted_fabric_item_group_api_v1             | 7.0.3+0.83.1-1.20.1 | Quilt   | 4a0328c14ed4a491ed179e46fa9a84dbaa17459d | <user>/Desktop/ModdingProjects/Quilt/Foundry/.gradle/quilt-loom-cache/remapped_mods/org_quiltmc_quilt_mappings_1_20_1_1_20_1_build_1_v2/org/quiltmc/quilted-fabric-api/fabric-item-group-api-v1/7.0.3+0.83.1-1.20.1/fabric-item-group-api-v1-7.0.3+0.83.1-1.20.1.jar                         |
|    48 | Quilted Fabric Lifecycle Events (v1)           | quilted_fabric_lifecycle_events_v1           | 7.0.3+0.83.1-1.20.1 | Quilt   | 71cdf9ddbafbdc4620d6973295dd05604bc61a83 | <user>/Desktop/ModdingProjects/Quilt/Foundry/.gradle/quilt-loom-cache/remapped_mods/org_quiltmc_quilt_mappings_1_20_1_1_20_1_build_1_v2/org/quiltmc/quilted-fabric-api/fabric-lifecycle-events-v1/7.0.3+0.83.1-1.20.1/fabric-lifecycle-events-v1-7.0.3+0.83.1-1.20.1.jar                     |
|    42 | Quilted Fabric Loot API (v2)                   | quilted_fabric_loot_api_v2                   | 7.0.3+0.83.1-1.20.1 | Quilt   | 8a438831f625a3b341f6ece1f62fc9d05be8e880 | <user>/Desktop/ModdingProjects/Quilt/Foundry/.gradle/quilt-loom-cache/remapped_mods/org_quiltmc_quilt_mappings_1_20_1_1_20_1_build_1_v2/org/quiltmc/quilted-fabric-api/fabric-loot-api-v2/7.0.3+0.83.1-1.20.1/fabric-loot-api-v2-7.0.3+0.83.1-1.20.1.jar                                     |
|    33 | Quilted Fabric Message API (v1)                | quilted_fabric_message_api_v1                | 7.0.3+0.83.1-1.20.1 | Quilt   | 39416aa7a008709dad54ce390933af3afd82cf29 | <user>/Desktop/ModdingProjects/Quilt/Foundry/.gradle/quilt-loom-cache/remapped_mods/org_quiltmc_quilt_mappings_1_20_1_1_20_1_build_1_v2/org/quiltmc/quilted-fabric-api/fabric-message-api-v1/7.0.3+0.83.1-1.20.1/fabric-message-api-v1-7.0.3+0.83.1-1.20.1.jar                               |
|    59 | Quilted Fabric Mining Level API (v1)           | quilted_fabric_mining_level_api_v1           | 7.0.3+0.83.1-1.20.1 | Quilt   | 5301437bbe700bcd490769984436ccf8a7af29f2 | <user>/Desktop/ModdingProjects/Quilt/Foundry/.gradle/quilt-loom-cache/remapped_mods/org_quiltmc_quilt_mappings_1_20_1_1_20_1_build_1_v2/org/quiltmc/quilted-fabric-api/fabric-mining-level-api-v1/7.0.3+0.83.1-1.20.1/fabric-mining-level-api-v1-7.0.3+0.83.1-1.20.1.jar                     |
|    14 | Quilted Fabric Networking API (v1)             | quilted_fabric_networking_api_v1             | 7.0.3+0.83.1-1.20.1 | Quilt   | e78594f745a2e6df476909f29d84f29d1e564ecf | <user>/Desktop/ModdingProjects/Quilt/Foundry/.gradle/quilt-loom-cache/remapped_mods/org_quiltmc_quilt_mappings_1_20_1_1_20_1_build_1_v2/org/quiltmc/quilted-fabric-api/fabric-networking-api-v1/7.0.3+0.83.1-1.20.1/fabric-networking-api-v1-7.0.3+0.83.1-1.20.1.jar                         |
|    23 | Quilted Fabric Object Builder API (v1)         | quilted_fabric_object_builder_api_v1         | 7.0.3+0.83.1-1.20.1 | Quilt   | abc2202672555202f15100f910baa26a9df2da6e | <user>/Desktop/ModdingProjects/Quilt/Foundry/.gradle/quilt-loom-cache/remapped_mods/org_quiltmc_quilt_mappings_1_20_1_1_20_1_build_1_v2/org/quiltmc/quilted-fabric-api/fabric-object-builder-api-v1/7.0.3+0.83.1-1.20.1/fabric-object-builder-api-v1-7.0.3+0.83.1-1.20.1.jar                 |
|    29 | Quilted Fabric Particles (v1)                  | quilted_fabric_particles_v1                  | 7.0.3+0.83.1-1.20.1 | Quilt   | 1c1f930b45e74eacf6a8c186a0d5635ea8b19e32 | <user>/Desktop/ModdingProjects/Quilt/Foundry/.gradle/quilt-loom-cache/remapped_mods/org_quiltmc_quilt_mappings_1_20_1_1_20_1_build_1_v2/org/quiltmc/quilted-fabric-api/fabric-particles-v1/7.0.3+0.83.1-1.20.1/fabric-particles-v1-7.0.3+0.83.1-1.20.1.jar                                   |
|    12 | Quilted Fabric Recipe API (v1)                 | quilted_fabric_recipe_api_v1                 | 7.0.3+0.83.1-1.20.1 | Quilt   | 79d18026e597b220f0bb1dac980a380dd58ad713 | <user>/Desktop/ModdingProjects/Quilt/Foundry/.gradle/quilt-loom-cache/remapped_mods/org_quiltmc_quilt_mappings_1_20_1_1_20_1_build_1_v2/org/quiltmc/quilted-fabric-api/fabric-recipe-api-v1/7.0.3+0.83.1-1.20.1/fabric-recipe-api-v1-7.0.3+0.83.1-1.20.1.jar                                 |
|    54 | Quilted Fabric Registry Sync (v0)              | quilted_fabric_registry_sync_v0              | 7.0.3+0.83.1-1.20.1 | Quilt   | 1f18ae1bf623755a577b2ec0c146bd9f99574575 | <user>/Desktop/ModdingProjects/Quilt/Foundry/.gradle/quilt-loom-cache/remapped_mods/org_quiltmc_quilt_mappings_1_20_1_1_20_1_build_1_v2/org/quiltmc/quilted-fabric-api/fabric-registry-sync-v0/7.0.3+0.83.1-1.20.1/fabric-registry-sync-v0-7.0.3+0.83.1-1.20.1.jar                           |
|    10 | Quilted Fabric Rendering Data Attachment (v1)  | quilted_fabric_rendering_data_attachment_v1  | 7.0.3+0.83.1-1.20.1 | Quilt   | a5cfbf5eaa9fd8e8144321bc5d3f9e1d6aa622db | <user>/Desktop/ModdingProjects/Quilt/Foundry/.gradle/quilt-loom-cache/remapped_mods/org_quiltmc_quilt_mappings_1_20_1_1_20_1_build_1_v2/org/quiltmc/quilted-fabric-api/fabric-rendering-data-attachment-v1/7.0.3+0.83.1-1.20.1/fabric-rendering-data-attachment-v1-7.0.3+0.83.1-1.20.1.jar   |
|    64 | Quilted Fabric Rendering Fluids (v1)           | quilted_fabric_rendering_fluids_v1           | 7.0.3+0.83.1-1.20.1 | Quilt   | 20e91865f42cc743be136d9f4a8a4982fcf80394 | <user>/Desktop/ModdingProjects/Quilt/Foundry/.gradle/quilt-loom-cache/remapped_mods/org_quiltmc_quilt_mappings_1_20_1_1_20_1_build_1_v2/org/quiltmc/quilted-fabric-api/fabric-rendering-fluids-v1/7.0.3+0.83.1-1.20.1/fabric-rendering-fluids-v1-7.0.3+0.83.1-1.20.1.jar                     |
|     0 | Quilted Fabric Resource Conditions API (v1)    | quilted_fabric_resource_conditions_api_v1    | 7.0.3+0.83.1-1.20.1 | Quilt   | 4a53f35571f980f683caab3164a09bb45ebad1bf | <user>/Desktop/ModdingProjects/Quilt/Foundry/.gradle/quilt-loom-cache/remapped_mods/org_quiltmc_quilt_mappings_1_20_1_1_20_1_build_1_v2/org/quiltmc/quilted-fabric-api/fabric-resource-conditions-api-v1/7.0.3+0.83.1-1.20.1/fabric-resource-conditions-api-v1-7.0.3+0.83.1-1.20.1.jar       |
|     5 | Quilted Fabric Resource Loader (v0)            | quilted_fabric_resource_loader_v0            | 7.0.3+0.83.1-1.20.1 | Quilt   | 634604dd22d9bc8d5878978ad020c2cc608a5d76 | <user>/Desktop/ModdingProjects/Quilt/Foundry/.gradle/quilt-loom-cache/remapped_mods/org_quiltmc_quilt_mappings_1_20_1_1_20_1_build_1_v2/org/quiltmc/quilted-fabric-api/fabric-resource-loader-v0/7.0.3+0.83.1-1.20.1/fabric-resource-loader-v0-7.0.3+0.83.1-1.20.1.jar                       |
|    46 | Quilted Fabric Screen Handler API (v1)         | quilted_fabric_screen_handler_api_v1         | 7.0.3+0.83.1-1.20.1 | Quilt   | 67d7f9fbace15778c16ceb95e82285922748423  | <user>/Desktop/ModdingProjects/Quilt/Foundry/.gradle/quilt-loom-cache/remapped_mods/org_quiltmc_quilt_mappings_1_20_1_1_20_1_build_1_v2/org/quiltmc/quilted-fabric-api/fabric-screen-handler-api-v1/7.0.3+0.83.1-1.20.1/fabric-screen-handler-api-v1-7.0.3+0.83.1-1.20.1.jar                 |
|    41 | Quilted Fabric Transfer API (v1)               | quilted_fabric_transfer_api_v1               | 7.0.3+0.83.1-1.20.1 | Quilt   | e9ad12abe89d0240fe7cf0a3e39c156f5590b1ac | <user>/Desktop/ModdingProjects/Quilt/Foundry/.gradle/quilt-loom-cache/remapped_mods/org_quiltmc_quilt_mappings_1_20_1_1_20_1_build_1_v2/org/quiltmc/quilted-fabric-api/fabric-transfer-api-v1/7.0.3+0.83.1-1.20.1/fabric-transfer-api-v1-7.0.3+0.83.1-1.20.1.jar                             |
|    65 | Quilted Fabric Transitive Access Wideners (v1) | quilted_fabric_transitive_access_wideners_v1 | 7.0.3+0.83.1-1.20.1 | Quilt   | e72e3438ba32f18c8ae357ed64044abc168d10c2 | <user>/Desktop/ModdingProjects/Quilt/Foundry/.gradle/quilt-loom-cache/remapped_mods/org_quiltmc_quilt_mappings_1_20_1_1_20_1_build_1_v2/org/quiltmc/quilted-fabric-api/fabric-transitive-access-wideners-v1/7.0.3+0.83.1-1.20.1/fabric-transitive-access-wideners-v1-7.0.3+0.83.1-1.20.1.jar |
|------:|------------------------------------------------|----------------------------------------------|---------------------|---------|------------------------------------------|----------------------------------------------------------------------------------------------------------------------------------------------------------------------------------------------------------------------------------------------------------------------------------------------|
Mod Table Version: 2
Plugin Types: {quilt_loader=[Quilt, Builtin]}
[20:25:00] [main/INFO] (Quilt Loader/Mappings) Loading mappings: jar:file:/Users/daniel/.gradle/caches/quilt-loom/1.20.1/org.quiltmc.quilt-mappings.1_20_1.1.20.1+build.1-v2/mappings.jar!/mappings/mappings.tiny
[20:25:00] [main/INFO] (Quilt Loader/Mixin) SpongePowered MIXIN Subsystem Version=0.8.5 Source=file:/Users/daniel/.gradle/caches/modules-2/files-2.1/net.fabricmc/sponge-mixin/0.12.5+mixin.0.8.5/8d31fb97c3e0cd7c8dad3441851c523bcfae6d8e/sponge-mixin-0.12.5+mixin.0.8.5.jar Service=Knot/Quilt Env=SERVER
[20:25:00] [main/INFO] (Quilt Loader/Mixin) Loaded Quilt development mappings for mixin remapper!
[20:25:00] [main/INFO] (Quilt Loader/Mixin) Compatibility level set to JAVA_17
[20:25:01] [main/WARN] (Quilt Loader/Mixin) @Inject(@At("INVOKE")) Shift.BY=2 on #quilt_testing:quilt_testing.mixins.json:server.MainMixin from mod quilt_testing::handler$zbd000$quilt_testing$onStart exceeds the maximum allowed value: 0. Increase the value of maxShiftBy to suppress this warning.
[20:25:04] [main/INFO] (Example Mod) Hello Quilt world from Mod Name!
[20:25:04] [main/INFO] (Initializer) [Quilt Command] Networking support is enabled
[20:25:04] [main/WARN] (Minecraft) Assets URL 'quilt.zfs://transformed-mod-minecraft.i0:0/assets/.mcassetsroot' uses unexpected schema
[20:25:04] [main/WARN] (Minecraft) Assets URL 'quilt.zfs://transformed-mod-minecraft.i0:0/data/.mcassetsroot' uses unexpected schema
[20:25:04] [main/INFO] (Minecraft) Environment: authHost='https://authserver.mojang.com', accountsHost='https://api.mojang.com', sessionHost='https://sessionserver.mojang.com', servicesHost='https://api.minecraftservices.com', name='PROD'
[20:25:05] [main/INFO] (RecipeManagerImpl) Registered 0 custom recipes.
[20:25:05] [main/INFO] (RecipeManagerImpl) Modified 0 recipes.
[20:25:05] [main/INFO] (RecipeManagerImpl) Removed 0 recipes.
[20:25:05] [main/INFO] (Minecraft) Loaded 7 recipes
[20:25:05] [main/INFO] (Minecraft) Loaded 1271 advancements
[20:25:05] [main/INFO] (BiomeModificationImpl) Applied 0 biome modifications to 0 of 64 new biomes in 1.701 ms
[20:25:05] [Server thread/INFO] (Minecraft) Starting minecraft server version 1.20.1
[20:25:05] [Server thread/INFO] (Minecraft) Loading properties
[20:25:05] [Server thread/INFO] (Minecraft) Default game type: SURVIVAL
[20:25:05] [Server thread/INFO] (Minecraft) Generating keypair
[20:25:05] [Server thread/INFO] (Minecraft) Starting Minecraft server on *:25565
[20:25:05] [Server thread/INFO] (Minecraft) Using default channel type
[20:25:05] [Server thread/INFO] (Minecraft) Preparing level "world"
[20:25:08] [Server thread/INFO] (Minecraft) Preparing start region for dimension minecraft:overworld
[20:25:09] [Worker-Main-7/INFO] (Minecraft) Preparing spawn area: 0%
[20:25:09] [Worker-Main-7/INFO] (Minecraft) Preparing spawn area: 0%
[20:25:09] [Worker-Main-6/INFO] (Minecraft) Preparing spawn area: 0%
[20:25:10] [Worker-Main-6/INFO] (Minecraft) Preparing spawn area: 1%
[20:25:11] [Worker-Main-5/INFO] (Minecraft) Preparing spawn area: 3%
[20:25:11] [Worker-Main-4/INFO] (Minecraft) Preparing spawn area: 5%
[20:25:11] [Worker-Main-3/INFO] (Minecraft) Preparing spawn area: 9%
[20:25:12] [Worker-Main-6/INFO] (Minecraft) Preparing spawn area: 13%
[20:25:12] [Worker-Main-6/INFO] (Minecraft) Preparing spawn area: 17%
[20:25:13] [Worker-Main-3/INFO] (Minecraft) Preparing spawn area: 22%
[20:25:13] [Worker-Main-6/INFO] (Minecraft) Preparing spawn area: 26%
[20:25:14] [Worker-Main-1/INFO] (Minecraft) Preparing spawn area: 31%
[20:25:14] [Worker-Main-4/INFO] (Minecraft) Preparing spawn area: 34%
[20:25:15] [Worker-Main-1/INFO] (Minecraft) Preparing spawn area: 40%
[20:25:15] [Worker-Main-6/INFO] (Minecraft) Preparing spawn area: 45%
[20:25:16] [Worker-Main-6/INFO] (Minecraft) Preparing spawn area: 46%
[20:25:16] [Worker-Main-1/INFO] (Minecraft) Preparing spawn area: 48%
[20:25:17] [Worker-Main-2/INFO] (Minecraft) Preparing spawn area: 54%
[20:25:17] [Worker-Main-2/INFO] (Minecraft) Preparing spawn area: 58%
[20:25:18] [Worker-Main-4/INFO] (Minecraft) Preparing spawn area: 63%
[20:25:18] [Worker-Main-2/INFO] (Minecraft) Preparing spawn area: 69%
[20:25:19] [Worker-Main-5/INFO] (Minecraft) Preparing spawn area: 75%
[20:25:19] [Worker-Main-4/INFO] (Minecraft) Preparing spawn area: 79%
[20:25:20] [Worker-Main-3/INFO] (Minecraft) Preparing spawn area: 85%
[20:25:20] [Worker-Main-6/INFO] (Minecraft) Preparing spawn area: 90%
[20:25:21] [Worker-Main-2/INFO] (Minecraft) Preparing spawn area: 95%
[20:25:21] [Server thread/INFO] (Minecraft) Time elapsed: 12902 ms
[20:25:21] [Server thread/INFO] (Minecraft) Done (15.933s)! For help, type "help"
